Using pre-set license
Built from '2020.3/release' branch; Version is '2020.3.12f1 (b3b2c6512326) revision 11776710'; Using compiler version '192528614'; Build Type 'Release'
OS: 'Windows 10 Home; OS build 19042.1415; Version 2009; 64bit' Language: 'zh' Physical Memory: 8066 MB
BatchMode: 1, IsHumanControllingUs: 0, StartBugReporterOnCrash: 0, Is64bit: 1, IsPro: 0

 COMMAND LINE ARGUMENTS:
C:\Program Files\Unity\2020.3.12f1\Editor\Unity.exe
-adb2
-batchMode
-noUpm
-name
AssetImportWorker0
-projectPath
F:/Unity_NFU_3rd_Topic_TextGame_NarakuProject/Naraku Project
-logFile
Logs/AssetImportWorker0.log
-srvPort
50947
Successfully changed project path to: F:/Unity_NFU_3rd_Topic_TextGame_NarakuProject/Naraku Project
F:/Unity_NFU_3rd_Topic_TextGame_NarakuProject/Naraku Project
Using Asset Import Pipeline V2.
Refreshing native plugins compatible for Editor in 193.54 ms, found 3 plugins.
Preloading 0 native plugins for Editor in 0.00 ms.
Initialize engine version: 2020.3.12f1 (b3b2c6512326)
[Subsystems] Discovering subsystems at path C:/Program Files/Unity/2020.3.12f1/Editor/Data/Resources/UnitySubsystems
[Subsystems] Discovering subsystems at path F:/Unity_NFU_3rd_Topic_TextGame_NarakuProject/Naraku Project/Assets
GfxDevice: creating device client; threaded=0
Direct3D:
    Version:  Direct3D 11.0 [level 11.1]
    Renderer: NVIDIA GeForce MX150 (ID=0x1d10)
    Vendor:   
    VRAM:     1983 MB
    Driver:   30.0.14.9649
Initialize mono
Mono path[0] = 'C:/Program Files/Unity/2020.3.12f1/Editor/Data/Managed'
Mono path[1] = 'C:/Program Files/Unity/2020.3.12f1/Editor/Data/MonoBleedingEdge/lib/mono/unityjit'
Mono config path = 'C:/Program Files/Unity/2020.3.12f1/Editor/Data/MonoBleedingEdge/etc'
Using monoOptions --debugger-agent=transport=dt_socket,embedding=1,server=y,suspend=n,address=127.0.0.1:56792
Begin MonoManager ReloadAssembly
Registering precompiled unity dll's ...
Register platform support module: C:/Program Files/Unity/2020.3.12f1/Editor/Data/PlaybackEngines/WebGLSupport/UnityEditor.WebGL.Extensions.dll
Register platform support module: C:/Program Files/Unity/2020.3.12f1/Editor/Data/PlaybackEngines/WindowsStandaloneSupport/UnityEditor.WindowsStandalone.Extensions.dll
Registered in 0.006207 seconds.
Native extension for WindowsStandalone target not found
Native extension for WebGL target not found
Refreshing native plugins compatible for Editor in 152.64 ms, found 3 plugins.
Preloading 0 native plugins for Editor in 0.00 ms.
Mono: successfully reloaded assembly
- Completed reload, in  5.441 seconds
Platform modules already initialized, skipping
Registering precompiled user dll's ...
Registered in 0.025693 seconds.
Begin MonoManager ReloadAssembly
Native extension for WindowsStandalone target not found
Native extension for WebGL target not found
Refreshing native plugins compatible for Editor in 144.49 ms, found 3 plugins.
Preloading 0 native plugins for Editor in 0.00 ms.
Mono: successfully reloaded assembly
- Completed reload, in  3.621 seconds
Platform modules already initialized, skipping
========================================================================
Worker process is ready to serve import requests
Launched and connected shader compiler UnityShaderCompiler.exe after 2.18 seconds
Refreshing native plugins compatible for Editor in 0.57 ms, found 3 plugins.
Preloading 0 native plugins for Editor in 0.00 ms.
Unloading 2839 Unused Serialized files (Serialized files now loaded: 0)
System memory in use before: 115.2 MB.
System memory in use after: 115.2 MB.

Unloading 33 unused Assets to reduce memory usage. Loaded Objects now: 3273.
Total: 2.787800 ms (FindLiveObjects: 0.288600 ms CreateObjectMapping: 0.204800 ms MarkObjects: 2.099200 ms  DeleteObjects: 0.193600 ms)

AssetImportParameters requested are different than current active one (requested -> active):
  custom:framework-win-MediaFoundation: 216162199b28c13a410421893ffa2e32 -> 
  custom:video-decoder-ogg-theora: a1e56fd34408186e4bbccfd4996cb3dc -> 
  custom:container-muxer-webm: aa71ff27fc2769a1b78a27578f13a17b -> 
  custom:container-demuxer-webm: 4f35f7cbe854078d1ac9338744f61a02 -> 
  custom:container-demuxer-ogg: 62fdf1f143b41e24485cea50d1cbac27 -> 
  custom:video-encoder-webm-vp8: eb34c28f22e8b96e1ab97ce403110664 -> 
  custom:video-codec-MediaFoundation-h265: 746d11721c4dcdbdad8f713fa42b33f4 -> 
  custom:video-decoder-webm-vp8: 9c59270c3fd7afecdb556c50c9e8de78 -> 
  custom:audio-decoder-ogg-vorbis: bf7c407c2cedff20999df2af8eb42d56 -> 
  custom:audio-encoder-webm-vorbis: bf7c407c2cedff20999df2af8eb42d56 -> 
========================================================================
Received Import Request.
  path: Assets/Images/Character/陽菜_立繪.png
  artifactKey: Guid(77b43b1cc12e62a4b8cc39eddcaac40c) Importer(815301076,1909f56bfc062723c751e8b465ee728b)
Start importing Assets/Images/Character/陽菜_立繪.png using Guid(77b43b1cc12e62a4b8cc39eddcaac40c) Importer(815301076,1909f56bfc062723c751e8b465ee728b)  -> (artifact id: '11233efa121cfaddd0afe5b1541d07a5') in 4.050420 seconds 
  Import took 14.522227 seconds .

========================================================================
Received Import Request.
  Time since last request: 69.592738 seconds.
  path: Assets/Images/Character/冶人_立繪.png
  artifactKey: Guid(f1dbe5ee3e8265441a055a80f5ed3dc9) Importer(815301076,1909f56bfc062723c751e8b465ee728b)
Start importing Assets/Images/Character/冶人_立繪.png using Guid(f1dbe5ee3e8265441a055a80f5ed3dc9) Importer(815301076,1909f56bfc062723c751e8b465ee728b)  -> (artifact id: '0b3e55434fee0fb74884fe57e3444387') in 0.125174 seconds 
  Import took 0.143971 seconds .

========================================================================
Received Import Request.
  Time since last request: 0.001105 seconds.
  path: Assets/Images/Character/拓也_立繪.png
  artifactKey: Guid(8abc2c32481c92445bb1dbc51f27580f) Importer(815301076,1909f56bfc062723c751e8b465ee728b)
Start importing Assets/Images/Character/拓也_立繪.png using Guid(8abc2c32481c92445bb1dbc51f27580f) Importer(815301076,1909f56bfc062723c751e8b465ee728b)  -> (artifact id: '2403b2166275ebfd26ed8b7a82fae5d6') in 0.109420 seconds 
  Import took 0.130092 seconds .

========================================================================
Received Import Request.
  Time since last request: 0.000401 seconds.
  path: Assets/Images/Character/品川_立繪 戰損Ver.png
  artifactKey: Guid(3b4e1b3f4b65bfa4c9224d73db65c0a8) Importer(815301076,1909f56bfc062723c751e8b465ee728b)
Start importing Assets/Images/Character/品川_立繪 戰損Ver.png using Guid(3b4e1b3f4b65bfa4c9224d73db65c0a8) Importer(815301076,1909f56bfc062723c751e8b465ee728b)  -> (artifact id: '11a49faf034641b4dcaf751d6f80aed5') in 0.103815 seconds 
  Import took 0.116288 seconds .

========================================================================
Received Import Request.
  Time since last request: 0.000444 seconds.
  path: Assets/Images/Character/柊_立繪.png
  artifactKey: Guid(c32655bd5653bbe4bb9172dc1b345cd0) Importer(815301076,1909f56bfc062723c751e8b465ee728b)
Start importing Assets/Images/Character/柊_立繪.png using Guid(c32655bd5653bbe4bb9172dc1b345cd0) Importer(815301076,1909f56bfc062723c751e8b465ee728b)  -> (artifact id: '3f41ffd23c4a3a1b1fa405cc64b48008') in 0.105757 seconds 
  Import took 0.117697 seconds .

========================================================================
Received Import Request.
  Time since last request: 0.000471 seconds.
  path: Assets/Images/Character/柑凪_立繪.png
  artifactKey: Guid(6f28ac1ee8d274b469e262e1393582f2) Importer(815301076,1909f56bfc062723c751e8b465ee728b)
Start importing Assets/Images/Character/柑凪_立繪.png using Guid(6f28ac1ee8d274b469e262e1393582f2) Importer(815301076,1909f56bfc062723c751e8b465ee728b)  -> (artifact id: 'ed49afda409367d169012ff2952526f6') in 0.122408 seconds 
  Import took 0.134426 seconds .

========================================================================
Received Import Request.
  Time since last request: 0.000378 seconds.
  path: Assets/Images/Character/凜_立繪_男.png
  artifactKey: Guid(06b2ae4f0a987e1479bbf1b10cf76f07) Importer(815301076,1909f56bfc062723c751e8b465ee728b)
Start importing Assets/Images/Character/凜_立繪_男.png using Guid(06b2ae4f0a987e1479bbf1b10cf76f07) Importer(815301076,1909f56bfc062723c751e8b465ee728b)  -> (artifact id: 'c0c04f5fbae33e54d57bccd34b02272e') in 0.107478 seconds 
  Import took 0.120008 seconds .

========================================================================
Received Import Request.
  Time since last request: 0.000571 seconds.
  path: Assets/Images/Character/柏香_立繪.png
  artifactKey: Guid(f8a1a5bbfdbbbf24897e0d379436a9e6) Importer(815301076,1909f56bfc062723c751e8b465ee728b)
Start importing Assets/Images/Character/柏香_立繪.png using Guid(f8a1a5bbfdbbbf24897e0d379436a9e6) Importer(815301076,1909f56bfc062723c751e8b465ee728b)  -> (artifact id: '52a4a78e80615b8b0dc49b68c980fb71') in 0.110828 seconds 
  Import took 0.125908 seconds .

========================================================================
Received Import Request.
  Time since last request: 0.000546 seconds.
  path: Assets/Images/Character/凜_立繪_女.png
  artifactKey: Guid(7bd40bec13c4bae4dacfa687a86e19d6) Importer(815301076,1909f56bfc062723c751e8b465ee728b)
Start importing Assets/Images/Character/凜_立繪_女.png using Guid(7bd40bec13c4bae4dacfa687a86e19d6) Importer(815301076,1909f56bfc062723c751e8b465ee728b)  -> (artifact id: '3516a7657315f9515b2dac559801f4b2') in 0.116060 seconds 
  Import took 0.138153 seconds .

========================================================================
Received Import Request.
  Time since last request: 0.000993 seconds.
  path: Assets/Images/Character/惠子_立繪.png
  artifactKey: Guid(3528f1ab6a7b1dc4a95be932de112e50) Importer(815301076,1909f56bfc062723c751e8b465ee728b)
Start importing Assets/Images/Character/惠子_立繪.png using Guid(3528f1ab6a7b1dc4a95be932de112e50) Importer(815301076,1909f56bfc062723c751e8b465ee728b)  -> (artifact id: 'c356e03b2606eaafa20d2ff7af6e2f47') in 0.100811 seconds 
  Import took 0.118167 seconds .

========================================================================
Received Import Request.
  Time since last request: 0.000436 seconds.
  path: Assets/Images/Character/品川_立繪.png
  artifactKey: Guid(3875a880a65c5f74fb01427e4fa9eb98) Importer(815301076,1909f56bfc062723c751e8b465ee728b)
Start importing Assets/Images/Character/品川_立繪.png using Guid(3875a880a65c5f74fb01427e4fa9eb98) Importer(815301076,1909f56bfc062723c751e8b465ee728b)  -> (artifact id: 'd36d70dd74851dfcae0bd61b0b617ef5') in 0.101331 seconds 
  Import took 0.114263 seconds .

========================================================================
Received Import Request.
  Time since last request: 0.000441 seconds.
  path: Assets/Images/Character/勇次_立繪.png
  artifactKey: Guid(bc745b6c6a3d5964b89fce4d7be97db3) Importer(815301076,1909f56bfc062723c751e8b465ee728b)
Start importing Assets/Images/Character/勇次_立繪.png using Guid(bc745b6c6a3d5964b89fce4d7be97db3) Importer(815301076,1909f56bfc062723c751e8b465ee728b)  -> (artifact id: 'a9b9f5673427f39b69fc7badce494ccd') in 0.116352 seconds 
  Import took 0.130362 seconds .

========================================================================
Received Import Request.
  Time since last request: 0.000398 seconds.
  path: Assets/Images/Character/品川_立繪 出獄ver.png
  artifactKey: Guid(93794f9e99b91314fad870d2e946567b) Importer(815301076,1909f56bfc062723c751e8b465ee728b)
Start importing Assets/Images/Character/品川_立繪 出獄ver.png using Guid(93794f9e99b91314fad870d2e946567b) Importer(815301076,1909f56bfc062723c751e8b465ee728b)  -> (artifact id: 'c24ebb8259a319f8f7296c73d5b91074') in 0.108598 seconds 
  Import took 0.121477 seconds .

========================================================================
Received Import Request.
  Time since last request: 573.946841 seconds.
  path: Assets/Images/BG/介紹cg.png
  artifactKey: Guid(9d309c02581e1d24b813ae85d3af2a1b) Importer(815301076,1909f56bfc062723c751e8b465ee728b)
Start importing Assets/Images/BG/介紹cg.png using Guid(9d309c02581e1d24b813ae85d3af2a1b) Importer(815301076,1909f56bfc062723c751e8b465ee728b)  -> (artifact id: 'f0566a1b55c3049982924c6be4e7b324') in 4.062719 seconds 
  Import took 4.071447 seconds .

========================================================================
Received Prepare
Registering precompiled user dll's ...
Registered in 0.024218 seconds.
Begin MonoManager ReloadAssembly
Native extension for WindowsStandalone target not found
Native extension for WebGL target not found
Refreshing native plugins compatible for Editor in 1.26 ms, found 3 plugins.
Preloading 0 native plugins for Editor in 0.00 ms.
Mono: successfully reloaded assembly
- Completed reload, in  2.906 seconds
Platform modules already initialized, skipping
Switching build target platform(19) subTarget(0) extendedPlatform(0) -> platform(13) subTarget(537395200) extendedPlatform(0)
Refreshing native plugins compatible for Editor in 1.85 ms, found 3 plugins.
Preloading 0 native plugins for Editor in 0.00 ms.
Unloading 2826 Unused Serialized files (Serialized files now loaded: 0)
System memory in use before: 117.1 MB.
System memory in use after: 117.1 MB.

Unloading 21 unused Assets to reduce memory usage. Loaded Objects now: 3285.
Total: 3.624300 ms (FindLiveObjects: 0.376600 ms CreateObjectMapping: 0.222000 ms MarkObjects: 2.900700 ms  DeleteObjects: 0.123400 ms)

AssetImportParameters requested are different than current active one (requested -> active):
  custom:framework-win-MediaFoundation: 216162199b28c13a410421893ffa2e32 -> 
  custom:video-decoder-ogg-theora: a1e56fd34408186e4bbccfd4996cb3dc -> 
  custom:container-muxer-webm: aa71ff27fc2769a1b78a27578f13a17b -> 
  custom:container-demuxer-webm: 4f35f7cbe854078d1ac9338744f61a02 -> 
  custom:container-demuxer-ogg: 62fdf1f143b41e24485cea50d1cbac27 -> 
  custom:video-encoder-webm-vp8: eb34c28f22e8b96e1ab97ce403110664 -> 
  custom:video-codec-MediaFoundation-h265: 746d11721c4dcdbdad8f713fa42b33f4 -> 
  custom:video-decoder-webm-vp8: 9c59270c3fd7afecdb556c50c9e8de78 -> 
  custom:graphics/normal-map-encoding: 01000000000000000000000000000000 -> 02000000000000000000000000000000
  custom:audio-decoder-ogg-vorbis: bf7c407c2cedff20999df2af8eb42d56 -> 
  custom:audio-encoder-webm-vorbis: bf7c407c2cedff20999df2af8eb42d56 -> 
========================================================================
Received Import Request.
  Time since last request: 437.714760 seconds.
  path: Assets/Scenes/02-Story_0.unity
  artifactKey: Guid(0473b22604c018c468a67a7ee5c95760) Importer(815301076,1909f56bfc062723c751e8b465ee728b)
Start importing Assets/Scenes/02-Story_0.unity using Guid(0473b22604c018c468a67a7ee5c95760) Importer(815301076,1909f56bfc062723c751e8b465ee728b)  -> (artifact id: 'a3094ff89cef49e1feb8ae91635ab8c7') in 0.082346 seconds 
  Import took 0.095156 seconds .

========================================================================
Received Prepare
Registering precompiled user dll's ...
Registered in 0.008523 seconds.
Begin MonoManager ReloadAssembly
Native extension for WindowsStandalone target not found
Native extension for WebGL target not found
Refreshing native plugins compatible for Editor in 1.01 ms, found 3 plugins.
Preloading 0 native plugins for Editor in 0.00 ms.
Mono: successfully reloaded assembly
- Completed reload, in  3.523 seconds
Platform modules already initialized, skipping
Switching build target platform(19) subTarget(0) extendedPlatform(0) -> platform(13) subTarget(537395200) extendedPlatform(0)
Refreshing native plugins compatible for Editor in 1.68 ms, found 3 plugins.
Preloading 0 native plugins for Editor in 0.00 ms.
Unloading 2826 Unused Serialized files (Serialized files now loaded: 0)
System memory in use before: 117.1 MB.
System memory in use after: 117.2 MB.

Unloading 21 unused Assets to reduce memory usage. Loaded Objects now: 3289.
Total: 7.876700 ms (FindLiveObjects: 0.722000 ms CreateObjectMapping: 0.481300 ms MarkObjects: 6.397600 ms  DeleteObjects: 0.272300 ms)

AssetImportParameters requested are different than current active one (requested -> active):
  custom:framework-win-MediaFoundation: 216162199b28c13a410421893ffa2e32 -> 
  custom:video-decoder-ogg-theora: a1e56fd34408186e4bbccfd4996cb3dc -> 
  custom:container-muxer-webm: aa71ff27fc2769a1b78a27578f13a17b -> 
  custom:container-demuxer-webm: 4f35f7cbe854078d1ac9338744f61a02 -> 
  custom:container-demuxer-ogg: 62fdf1f143b41e24485cea50d1cbac27 -> 
  custom:video-encoder-webm-vp8: eb34c28f22e8b96e1ab97ce403110664 -> 
  custom:video-codec-MediaFoundation-h265: 746d11721c4dcdbdad8f713fa42b33f4 -> 
  custom:video-decoder-webm-vp8: 9c59270c3fd7afecdb556c50c9e8de78 -> 
  custom:graphics/normal-map-encoding: 01000000000000000000000000000000 -> 02000000000000000000000000000000
  custom:audio-decoder-ogg-vorbis: bf7c407c2cedff20999df2af8eb42d56 -> 
  custom:audio-encoder-webm-vorbis: bf7c407c2cedff20999df2af8eb42d56 -> 
========================================================================
Received Import Request.
  Time since last request: 168.754740 seconds.
  path: Assets/Fonts/jf-openhuninn-1.1.ttf
  artifactKey: Guid(e087e5b2ceb8223468f46901160cc29d) Importer(815301076,1909f56bfc062723c751e8b465ee728b)
Start importing Assets/Fonts/jf-openhuninn-1.1.ttf using Guid(e087e5b2ceb8223468f46901160cc29d) Importer(815301076,1909f56bfc062723c751e8b465ee728b)  -> (artifact id: 'c7215bca005127d437a6be5242cda2e4') in 4.307248 seconds 
  Import took 4.316587 seconds .

========================================================================
Received Import Request.
  Time since last request: 128.911495 seconds.
  path: Assets/Prefabs/對話框.prefab
  artifactKey: Guid(4b1b02f35813f5f4095e4aa1809f0284) Importer(815301076,1909f56bfc062723c751e8b465ee728b)
Start importing Assets/Prefabs/對話框.prefab using Guid(4b1b02f35813f5f4095e4aa1809f0284) Importer(815301076,1909f56bfc062723c751e8b465ee728b)  -> (artifact id: '486caadda252a7477a18fac59b613b8f') in 0.126817 seconds 
  Import took 0.141643 seconds .

========================================================================
Received Import Request.
  Time since last request: 1.399537 seconds.
  path: Assets/Prefabs/對話選項框.prefab
  artifactKey: Guid(ec5c6f64f53a4f247b2f24ab715ee7e9) Importer(815301076,1909f56bfc062723c751e8b465ee728b)
Start importing Assets/Prefabs/對話選項框.prefab using Guid(ec5c6f64f53a4f247b2f24ab715ee7e9) Importer(815301076,1909f56bfc062723c751e8b465ee728b)  -> (artifact id: '96c84ce70b942fee1af81569e41fd062') in 0.075670 seconds 
  Import took 0.085371 seconds .

========================================================================
Received Import Request.
  Time since last request: 0.000823 seconds.
  path: Assets/Prefabs/對話選項框.prefab
  artifactKey: Guid(ec5c6f64f53a4f247b2f24ab715ee7e9) Importer(815301076,1909f56bfc062723c751e8b465ee728b)
Start importing Assets/Prefabs/對話選項框.prefab using Guid(ec5c6f64f53a4f247b2f24ab715ee7e9) Importer(815301076,1909f56bfc062723c751e8b465ee728b)  -> (artifact id: '96c84ce70b942fee1af81569e41fd062') in 0.045125 seconds 
  Import took 0.050472 seconds .

========================================================================
Received Import Request.
  Time since last request: 240.925953 seconds.
  path: Assets/Images/BG/介紹cg 1.png
  artifactKey: Guid(a3f61424e0b563e4ab716b39f42c2fc1) Importer(815301076,1909f56bfc062723c751e8b465ee728b)
Start importing Assets/Images/BG/介紹cg 1.png using Guid(a3f61424e0b563e4ab716b39f42c2fc1) Importer(815301076,1909f56bfc062723c751e8b465ee728b)  -> (artifact id: '263b43ad1e4b79dd35e1f0816e7377b5') in 5.065740 seconds 
  Import took 5.072807 seconds .

========================================================================
Received Import Request.
  Time since last request: 0.000334 seconds.
  path: Assets/Images/BG/介紹cg3.png
  artifactKey: Guid(a838ffdf043e85e4ba89aa3e2d07d7c9) Importer(815301076,1909f56bfc062723c751e8b465ee728b)
Start importing Assets/Images/BG/介紹cg3.png using Guid(a838ffdf043e85e4ba89aa3e2d07d7c9) Importer(815301076,1909f56bfc062723c751e8b465ee728b)  -> (artifact id: '7fcc17a81ae7e01edc1dcb6892dc45fd') in 2.409894 seconds 
  Import took 2.420865 seconds .

========================================================================
Received Import Request.
  Time since last request: 0.000517 seconds.
  path: Assets/Images/BG/介紹cg2.png
  artifactKey: Guid(07ce457f0e45ab4409cd92017d13f0b9) Importer(815301076,1909f56bfc062723c751e8b465ee728b)
Start importing Assets/Images/BG/介紹cg2.png using Guid(07ce457f0e45ab4409cd92017d13f0b9) Importer(815301076,1909f56bfc062723c751e8b465ee728b)  -> (artifact id: 'd87f65858dda01fb9730b4e55d9c5997') in 9.671915 seconds 
  Import took 9.685673 seconds .

========================================================================
Received Import Request.
  Time since last request: 0.070007 seconds.
  path: Assets/Images/BG/介紹cg2.png
  artifactKey: Guid(07ce457f0e45ab4409cd92017d13f0b9) Importer(815301076,1909f56bfc062723c751e8b465ee728b)
Start importing Assets/Images/BG/介紹cg2.png using Guid(07ce457f0e45ab4409cd92017d13f0b9) Importer(815301076,1909f56bfc062723c751e8b465ee728b)  -> (artifact id: 'd87f65858dda01fb9730b4e55d9c5997') in 0.096547 seconds 
  Import took 0.104508 seconds .

========================================================================
Received Prepare
Registering precompiled user dll's ...
Registered in 0.029542 seconds.
Begin MonoManager ReloadAssembly
Native extension for WindowsStandalone target not found
Native extension for WebGL target not found
Refreshing native plugins compatible for Editor in 0.60 ms, found 3 plugins.
Preloading 0 native plugins for Editor in 0.00 ms.
Mono: successfully reloaded assembly
- Completed reload, in  1.177 seconds
Platform modules already initialized, skipping
Switching build target platform(19) subTarget(0) extendedPlatform(0) -> platform(13) subTarget(537395200) extendedPlatform(0)
Refreshing native plugins compatible for Editor in 0.90 ms, found 3 plugins.
Preloading 0 native plugins for Editor in 0.00 ms.
Unloading 2826 Unused Serialized files (Serialized files now loaded: 0)
System memory in use before: 117.6 MB.
System memory in use after: 117.7 MB.

Unloading 23 unused Assets to reduce memory usage. Loaded Objects now: 3337.
Total: 2.915900 ms (FindLiveObjects: 0.295900 ms CreateObjectMapping: 0.128500 ms MarkObjects: 2.374600 ms  DeleteObjects: 0.116000 ms)

AssetImportParameters requested are different than current active one (requested -> active):
  custom:framework-win-MediaFoundation: 216162199b28c13a410421893ffa2e32 -> 
  custom:video-decoder-ogg-theora: a1e56fd34408186e4bbccfd4996cb3dc -> 
  custom:container-muxer-webm: aa71ff27fc2769a1b78a27578f13a17b -> 
  custom:container-demuxer-webm: 4f35f7cbe854078d1ac9338744f61a02 -> 
  custom:container-demuxer-ogg: 62fdf1f143b41e24485cea50d1cbac27 -> 
  custom:video-encoder-webm-vp8: eb34c28f22e8b96e1ab97ce403110664 -> 
  custom:video-codec-MediaFoundation-h265: 746d11721c4dcdbdad8f713fa42b33f4 -> 
  custom:video-decoder-webm-vp8: 9c59270c3fd7afecdb556c50c9e8de78 -> 
  custom:graphics/normal-map-encoding: 01000000000000000000000000000000 -> 02000000000000000000000000000000
  custom:audio-decoder-ogg-vorbis: bf7c407c2cedff20999df2af8eb42d56 -> 
  custom:audio-encoder-webm-vorbis: bf7c407c2cedff20999df2af8eb42d56 -> 
========================================================================
Received Import Request.
  Time since last request: 307.636860 seconds.
  path: Assets/Audios/BGM_HOME.mp3
  artifactKey: Guid(44dba1727fe111d42ba740933e5661b0) Importer(815301076,1909f56bfc062723c751e8b465ee728b)
Start importing Assets/Audios/BGM_HOME.mp3 using Guid(44dba1727fe111d42ba740933e5661b0) Importer(815301076,1909f56bfc062723c751e8b465ee728b)  -> (artifact id: '0fb8df52bc7d319384a57f49779e272a') in 22.644644 seconds 
  Import took 22.651333 seconds .

========================================================================
Received Import Request.
  Time since last request: 0.000345 seconds.
  path: Assets/Audios/BGM_作戰會議.mp3
  artifactKey: Guid(60a2e43b68ccbe542942b6bbb4f8420d) Importer(815301076,1909f56bfc062723c751e8b465ee728b)
Start importing Assets/Audios/BGM_作戰會議.mp3 using Guid(60a2e43b68ccbe542942b6bbb4f8420d) Importer(815301076,1909f56bfc062723c751e8b465ee728b)  -> (artifact id: '89ca27c88590d62797fb6edfc3c04967') in 2.366643 seconds 
  Import took 2.373351 seconds .

========================================================================
Received Import Request.
  Time since last request: 2209.344083 seconds.
  path: Assets/Audios/BGM_BE.mp3
  artifactKey: Guid(2840fe465d3df8b40b9449d8c0c732f4) Importer(815301076,1909f56bfc062723c751e8b465ee728b)
Start importing Assets/Audios/BGM_BE.mp3 using Guid(2840fe465d3df8b40b9449d8c0c732f4) Importer(815301076,1909f56bfc062723c751e8b465ee728b)  -> (artifact id: 'b3238a8da649b3bb40cbadf18ff599a9') in 0.195687 seconds 
  Import took 0.210689 seconds .

========================================================================
Received Import Request.
  Time since last request: 0.000397 seconds.
  path: Assets/Audios/BGM_回憶(悲傷).mp3
  artifactKey: Guid(c8d3fb824ccaf23479c3c4498314760e) Importer(815301076,1909f56bfc062723c751e8b465ee728b)
Start importing Assets/Audios/BGM_回憶(悲傷).mp3 using Guid(c8d3fb824ccaf23479c3c4498314760e) Importer(815301076,1909f56bfc062723c751e8b465ee728b)  -> (artifact id: 'b38f3dcd2afd82274d07283b7470eed7') in 0.108924 seconds 
  Import took 0.121343 seconds .

========================================================================
Received Import Request.
  Time since last request: 0.000402 seconds.
  path: Assets/Audios/BGM_介紹.mp3
  artifactKey: Guid(d56d05af83b8b0c42a8143baeab3f8b3) Importer(815301076,1909f56bfc062723c751e8b465ee728b)
Start importing Assets/Audios/BGM_介紹.mp3 using Guid(d56d05af83b8b0c42a8143baeab3f8b3) Importer(815301076,1909f56bfc062723c751e8b465ee728b)  -> (artifact id: '7b4f2c25a46bb8a88d7401a639a9ebcb') in 0.094808 seconds 
  Import took 0.109714 seconds .

========================================================================
Received Import Request.
  Time since last request: 275.151278 seconds.
  path: Assets/Prefabs/對話框.prefab
  artifactKey: Guid(4b1b02f35813f5f4095e4aa1809f0284) Importer(815301076,1909f56bfc062723c751e8b465ee728b)
Start importing Assets/Prefabs/對話框.prefab using Guid(4b1b02f35813f5f4095e4aa1809f0284) Importer(815301076,1909f56bfc062723c751e8b465ee728b)  -> (artifact id: 'f691abbb360e93d754b478ccac17e283') in 0.269050 seconds 
  Import took 0.278513 seconds .

========================================================================
Received Import Request.
  Time since last request: 0.000332 seconds.
  path: Assets/Prefabs/對話選項框.prefab
  artifactKey: Guid(ec5c6f64f53a4f247b2f24ab715ee7e9) Importer(815301076,1909f56bfc062723c751e8b465ee728b)
Start importing Assets/Prefabs/對話選項框.prefab using Guid(ec5c6f64f53a4f247b2f24ab715ee7e9) Importer(815301076,1909f56bfc062723c751e8b465ee728b)  -> (artifact id: '15048da78666b8ac1835578f23d0380c') in 0.081725 seconds 
  Import took 0.088537 seconds .

========================================================================
Received Prepare
Registering precompiled user dll's ...
Registered in 0.035883 seconds.
Begin MonoManager ReloadAssembly
Native extension for WindowsStandalone target not found
Native extension for WebGL target not found
Refreshing native plugins compatible for Editor in 0.62 ms, found 3 plugins.
Preloading 0 native plugins for Editor in 0.00 ms.
Mono: successfully reloaded assembly
- Completed reload, in  1.184 seconds
Platform modules already initialized, skipping
Switching build target platform(19) subTarget(0) extendedPlatform(0) -> platform(13) subTarget(537395200) extendedPlatform(0)
Refreshing native plugins compatible for Editor in 0.60 ms, found 3 plugins.
Preloading 0 native plugins for Editor in 0.00 ms.
Unloading 2826 Unused Serialized files (Serialized files now loaded: 0)
System memory in use before: 117.7 MB.
System memory in use after: 117.8 MB.

Unloading 23 unused Assets to reduce memory usage. Loaded Objects now: 3344.
Total: 2.817900 ms (FindLiveObjects: 0.279500 ms CreateObjectMapping: 0.136700 ms MarkObjects: 2.270900 ms  DeleteObjects: 0.129200 ms)

AssetImportParameters requested are different than current active one (requested -> active):
  custom:framework-win-MediaFoundation: 216162199b28c13a410421893ffa2e32 -> 
  custom:video-decoder-ogg-theora: a1e56fd34408186e4bbccfd4996cb3dc -> 
  custom:container-muxer-webm: aa71ff27fc2769a1b78a27578f13a17b -> 
  custom:container-demuxer-webm: 4f35f7cbe854078d1ac9338744f61a02 -> 
  custom:container-demuxer-ogg: 62fdf1f143b41e24485cea50d1cbac27 -> 
  custom:video-encoder-webm-vp8: eb34c28f22e8b96e1ab97ce403110664 -> 
  custom:video-codec-MediaFoundation-h265: 746d11721c4dcdbdad8f713fa42b33f4 -> 
  custom:video-decoder-webm-vp8: 9c59270c3fd7afecdb556c50c9e8de78 -> 
  custom:graphics/normal-map-encoding: 01000000000000000000000000000000 -> 02000000000000000000000000000000
  custom:audio-decoder-ogg-vorbis: bf7c407c2cedff20999df2af8eb42d56 -> 
  custom:audio-encoder-webm-vorbis: bf7c407c2cedff20999df2af8eb42d56 -> 
========================================================================
Received Prepare
Registering precompiled user dll's ...
Registered in 0.003293 seconds.
Begin MonoManager ReloadAssembly
Native extension for WindowsStandalone target not found
Native extension for WebGL target not found
Refreshing native plugins compatible for Editor in 0.58 ms, found 3 plugins.
Preloading 0 native plugins for Editor in 0.00 ms.
Mono: successfully reloaded assembly
- Completed reload, in  1.198 seconds
Platform modules already initialized, skipping
Switching build target platform(19) subTarget(0) extendedPlatform(0) -> platform(13) subTarget(537395200) extendedPlatform(0)
Refreshing native plugins compatible for Editor in 0.98 ms, found 3 plugins.
Preloading 0 native plugins for Editor in 0.00 ms.
Unloading 2826 Unused Serialized files (Serialized files now loaded: 0)
System memory in use before: 117.7 MB.
System memory in use after: 117.8 MB.

Unloading 21 unused Assets to reduce memory usage. Loaded Objects now: 3348.
Total: 5.000900 ms (FindLiveObjects: 0.477500 ms CreateObjectMapping: 0.254900 ms MarkObjects: 4.073300 ms  DeleteObjects: 0.193400 ms)

AssetImportParameters requested are different than current active one (requested -> active):
  custom:framework-win-MediaFoundation: 216162199b28c13a410421893ffa2e32 -> 
  custom:video-decoder-ogg-theora: a1e56fd34408186e4bbccfd4996cb3dc -> 
  custom:container-muxer-webm: aa71ff27fc2769a1b78a27578f13a17b -> 
  custom:container-demuxer-webm: 4f35f7cbe854078d1ac9338744f61a02 -> 
  custom:container-demuxer-ogg: 62fdf1f143b41e24485cea50d1cbac27 -> 
  custom:video-encoder-webm-vp8: eb34c28f22e8b96e1ab97ce403110664 -> 
  custom:video-codec-MediaFoundation-h265: 746d11721c4dcdbdad8f713fa42b33f4 -> 
  custom:video-decoder-webm-vp8: 9c59270c3fd7afecdb556c50c9e8de78 -> 
  custom:graphics/normal-map-encoding: 01000000000000000000000000000000 -> 02000000000000000000000000000000
  custom:audio-decoder-ogg-vorbis: bf7c407c2cedff20999df2af8eb42d56 -> 
  custom:audio-encoder-webm-vorbis: bf7c407c2cedff20999df2af8eb42d56 -> 
========================================================================
Received Import Request.
  Time since last request: 697.717970 seconds.
  path: Assets/Prefabs/對話框.prefab
  artifactKey: Guid(4b1b02f35813f5f4095e4aa1809f0284) Importer(815301076,1909f56bfc062723c751e8b465ee728b)
Start importing Assets/Prefabs/對話框.prefab using Guid(4b1b02f35813f5f4095e4aa1809f0284) Importer(815301076,1909f56bfc062723c751e8b465ee728b)  -> (artifact id: '2dc8a939f564ffbe6dced51327662887') in 0.107582 seconds 
  Import took 0.116289 seconds .

========================================================================
Received Import Request.
  Time since last request: 10.332274 seconds.
  path: Assets/Prefabs/對話選項.prefab
  artifactKey: Guid(b0fce1808ec4ab046844832c23271773) Importer(815301076,1909f56bfc062723c751e8b465ee728b)
Start importing Assets/Prefabs/對話選項.prefab using Guid(b0fce1808ec4ab046844832c23271773) Importer(815301076,1909f56bfc062723c751e8b465ee728b)  -> (artifact id: '939dc56f56fd69ad0c839161500ec5f5') in 12.943704 seconds 
  Import took 12.955909 seconds .

========================================================================
Received Prepare
Registering precompiled user dll's ...
Registered in 0.003550 seconds.
Begin MonoManager ReloadAssembly
Native extension for WindowsStandalone target not found
Native extension for WebGL target not found
Refreshing native plugins compatible for Editor in 1.06 ms, found 3 plugins.
Preloading 0 native plugins for Editor in 0.00 ms.
Mono: successfully reloaded assembly
- Completed reload, in  2.677 seconds
Platform modules already initialized, skipping
Switching build target platform(19) subTarget(0) extendedPlatform(0) -> platform(13) subTarget(537395200) extendedPlatform(0)
Refreshing native plugins compatible for Editor in 1.03 ms, found 3 plugins.
Preloading 0 native plugins for Editor in 0.00 ms.
Unloading 2826 Unused Serialized files (Serialized files now loaded: 0)
System memory in use before: 117.7 MB.
System memory in use after: 117.8 MB.

Unloading 23 unused Assets to reduce memory usage. Loaded Objects now: 3352.
Total: 5.839300 ms (FindLiveObjects: 1.025700 ms CreateObjectMapping: 0.376800 ms MarkObjects: 4.221300 ms  DeleteObjects: 0.212500 ms)

AssetImportParameters requested are different than current active one (requested -> active):
  custom:framework-win-MediaFoundation: 216162199b28c13a410421893ffa2e32 -> 
  custom:video-decoder-ogg-theora: a1e56fd34408186e4bbccfd4996cb3dc -> 
  custom:container-muxer-webm: aa71ff27fc2769a1b78a27578f13a17b -> 
  custom:container-demuxer-webm: 4f35f7cbe854078d1ac9338744f61a02 -> 
  custom:container-demuxer-ogg: 62fdf1f143b41e24485cea50d1cbac27 -> 
  custom:video-encoder-webm-vp8: eb34c28f22e8b96e1ab97ce403110664 -> 
  custom:video-codec-MediaFoundation-h265: 746d11721c4dcdbdad8f713fa42b33f4 -> 
  custom:video-decoder-webm-vp8: 9c59270c3fd7afecdb556c50c9e8de78 -> 
  custom:graphics/normal-map-encoding: 01000000000000000000000000000000 -> 02000000000000000000000000000000
  custom:audio-decoder-ogg-vorbis: bf7c407c2cedff20999df2af8eb42d56 -> 
  custom:audio-encoder-webm-vorbis: bf7c407c2cedff20999df2af8eb42d56 -> 
========================================================================
Received Prepare
Registering precompiled user dll's ...
Registered in 0.003249 seconds.
Begin MonoManager ReloadAssembly
Native extension for WindowsStandalone target not found
Native extension for WebGL target not found
Refreshing native plugins compatible for Editor in 0.57 ms, found 3 plugins.
Preloading 0 native plugins for Editor in 0.00 ms.
Mono: successfully reloaded assembly
- Completed reload, in  1.222 seconds
Platform modules already initialized, skipping
Switching build target platform(19) subTarget(0) extendedPlatform(0) -> platform(13) subTarget(537395200) extendedPlatform(0)
Refreshing native plugins compatible for Editor in 0.56 ms, found 3 plugins.
Preloading 0 native plugins for Editor in 0.00 ms.
Unloading 2826 Unused Serialized files (Serialized files now loaded: 0)
System memory in use before: 117.7 MB.
System memory in use after: 117.8 MB.

Unloading 21 unused Assets to reduce memory usage. Loaded Objects now: 3356.
Total: 2.826600 ms (FindLiveObjects: 0.273500 ms CreateObjectMapping: 0.133300 ms MarkObjects: 2.302000 ms  DeleteObjects: 0.116900 ms)

AssetImportParameters requested are different than current active one (requested -> active):
  custom:framework-win-MediaFoundation: 216162199b28c13a410421893ffa2e32 -> 
  custom:video-decoder-ogg-theora: a1e56fd34408186e4bbccfd4996cb3dc -> 
  custom:container-muxer-webm: aa71ff27fc2769a1b78a27578f13a17b -> 
  custom:container-demuxer-webm: 4f35f7cbe854078d1ac9338744f61a02 -> 
  custom:container-demuxer-ogg: 62fdf1f143b41e24485cea50d1cbac27 -> 
  custom:video-encoder-webm-vp8: eb34c28f22e8b96e1ab97ce403110664 -> 
  custom:video-codec-MediaFoundation-h265: 746d11721c4dcdbdad8f713fa42b33f4 -> 
  custom:video-decoder-webm-vp8: 9c59270c3fd7afecdb556c50c9e8de78 -> 
  custom:graphics/normal-map-encoding: 01000000000000000000000000000000 -> 02000000000000000000000000000000
  custom:audio-decoder-ogg-vorbis: bf7c407c2cedff20999df2af8eb42d56 -> 
  custom:audio-encoder-webm-vorbis: bf7c407c2cedff20999df2af8eb42d56 -> 
========================================================================
Received Prepare
Registering precompiled user dll's ...
Registered in 0.003628 seconds.
Begin MonoManager ReloadAssembly
Native extension for WindowsStandalone target not found
Native extension for WebGL target not found
Refreshing native plugins compatible for Editor in 0.73 ms, found 3 plugins.
Preloading 0 native plugins for Editor in 0.00 ms.
Mono: successfully reloaded assembly
- Completed reload, in  1.343 seconds
Platform modules already initialized, skipping
Switching build target platform(19) subTarget(0) extendedPlatform(0) -> platform(13) subTarget(537395200) extendedPlatform(0)
Refreshing native plugins compatible for Editor in 1.02 ms, found 3 plugins.
Preloading 0 native plugins for Editor in 0.00 ms.
Unloading 2826 Unused Serialized files (Serialized files now loaded: 0)
System memory in use before: 117.7 MB.
System memory in use after: 117.8 MB.

Unloading 21 unused Assets to reduce memory usage. Loaded Objects now: 3360.
Total: 5.246300 ms (FindLiveObjects: 0.541400 ms CreateObjectMapping: 0.317300 ms MarkObjects: 4.184200 ms  DeleteObjects: 0.200600 ms)

AssetImportParameters requested are different than current active one (requested -> active):
  custom:framework-win-MediaFoundation: 216162199b28c13a410421893ffa2e32 -> 
  custom:video-decoder-ogg-theora: a1e56fd34408186e4bbccfd4996cb3dc -> 
  custom:container-muxer-webm: aa71ff27fc2769a1b78a27578f13a17b -> 
  custom:container-demuxer-webm: 4f35f7cbe854078d1ac9338744f61a02 -> 
  custom:container-demuxer-ogg: 62fdf1f143b41e24485cea50d1cbac27 -> 
  custom:video-encoder-webm-vp8: eb34c28f22e8b96e1ab97ce403110664 -> 
  custom:video-codec-MediaFoundation-h265: 746d11721c4dcdbdad8f713fa42b33f4 -> 
  custom:video-decoder-webm-vp8: 9c59270c3fd7afecdb556c50c9e8de78 -> 
  custom:graphics/normal-map-encoding: 01000000000000000000000000000000 -> 02000000000000000000000000000000
  custom:audio-decoder-ogg-vorbis: bf7c407c2cedff20999df2af8eb42d56 -> 
  custom:audio-encoder-webm-vorbis: bf7c407c2cedff20999df2af8eb42d56 -> 
========================================================================
Received Import Request.
  Time since last request: 550.378425 seconds.
  path: Assets/Prefabs/對話框.prefab
  artifactKey: Guid(4b1b02f35813f5f4095e4aa1809f0284) Importer(815301076,1909f56bfc062723c751e8b465ee728b)
Start importing Assets/Prefabs/對話框.prefab using Guid(4b1b02f35813f5f4095e4aa1809f0284) Importer(815301076,1909f56bfc062723c751e8b465ee728b)  -> (artifact id: '2c4d010a707443aaa01171a831a9ffec') in 0.111186 seconds 
  Import took 0.127235 seconds .

========================================================================
Received Import Request.
  Time since last request: 0.502828 seconds.
  path: Assets/Prefabs/對話框.prefab
  artifactKey: Guid(4b1b02f35813f5f4095e4aa1809f0284) Importer(815301076,1909f56bfc062723c751e8b465ee728b)
Start importing Assets/Prefabs/對話框.prefab using Guid(4b1b02f35813f5f4095e4aa1809f0284) Importer(815301076,1909f56bfc062723c751e8b465ee728b)  -> (artifact id: '22140ff33325c88987d589e7c8fb1c00') in 0.054873 seconds 
  Import took 0.061891 seconds .

========================================================================
Received Import Request.
  Time since last request: 8.462742 seconds.
  path: Assets/Prefabs/對話框.prefab
  artifactKey: Guid(4b1b02f35813f5f4095e4aa1809f0284) Importer(815301076,1909f56bfc062723c751e8b465ee728b)
Start importing Assets/Prefabs/對話框.prefab using Guid(4b1b02f35813f5f4095e4aa1809f0284) Importer(815301076,1909f56bfc062723c751e8b465ee728b)  -> (artifact id: '38ca944d15d8f05e0a29bd290b322583') in 0.078868 seconds 
  Import took 0.091144 seconds .

========================================================================
Received Import Request.
  Time since last request: 31.450752 seconds.
  path: Assets/Prefabs/對話框.prefab
  artifactKey: Guid(4b1b02f35813f5f4095e4aa1809f0284) Importer(815301076,1909f56bfc062723c751e8b465ee728b)
Start importing Assets/Prefabs/對話框.prefab using Guid(4b1b02f35813f5f4095e4aa1809f0284) Importer(815301076,1909f56bfc062723c751e8b465ee728b)  -> (artifact id: '31f74612efbbdce8984b0a66d875af5c') in 0.052579 seconds 
  Import took 0.060604 seconds .

========================================================================
Received Import Request.
  Time since last request: 8.375606 seconds.
  path: Assets/Prefabs/對話框.prefab
  artifactKey: Guid(4b1b02f35813f5f4095e4aa1809f0284) Importer(815301076,1909f56bfc062723c751e8b465ee728b)
Start importing Assets/Prefabs/對話框.prefab using Guid(4b1b02f35813f5f4095e4aa1809f0284) Importer(815301076,1909f56bfc062723c751e8b465ee728b)  -> (artifact id: '0c9bba96a9a9747e5fd2bb8cc081365e') in 0.053684 seconds 
  Import took 0.059399 seconds .

========================================================================
Received Import Request.
  Time since last request: 35.574035 seconds.
  path: Assets/Prefabs/對話框.prefab
  artifactKey: Guid(4b1b02f35813f5f4095e4aa1809f0284) Importer(815301076,1909f56bfc062723c751e8b465ee728b)
Start importing Assets/Prefabs/對話框.prefab using Guid(4b1b02f35813f5f4095e4aa1809f0284) Importer(815301076,1909f56bfc062723c751e8b465ee728b)  -> (artifact id: '057cdefb36f721d6f006b3e905b8b97e') in 0.054136 seconds 
  Import took 0.061896 seconds .

========================================================================
Received Import Request.
  Time since last request: 0.378088 seconds.
  path: Assets/Prefabs/對話框.prefab
  artifactKey: Guid(4b1b02f35813f5f4095e4aa1809f0284) Importer(815301076,1909f56bfc062723c751e8b465ee728b)
Start importing Assets/Prefabs/對話框.prefab using Guid(4b1b02f35813f5f4095e4aa1809f0284) Importer(815301076,1909f56bfc062723c751e8b465ee728b)  -> (artifact id: '5c49b75bca150810712855e1c7179408') in 0.056295 seconds 
  Import took 0.065365 seconds .

========================================================================
Received Import Request.
  Time since last request: 9.903828 seconds.
  path: Assets/Prefabs/對話框.prefab
  artifactKey: Guid(4b1b02f35813f5f4095e4aa1809f0284) Importer(815301076,1909f56bfc062723c751e8b465ee728b)
Start importing Assets/Prefabs/對話框.prefab using Guid(4b1b02f35813f5f4095e4aa1809f0284) Importer(815301076,1909f56bfc062723c751e8b465ee728b)  -> (artifact id: '60982fb6626709662bc943a34147a135') in 0.056746 seconds 
  Import took 0.064570 seconds .

========================================================================
Received Import Request.
  Time since last request: 1.827929 seconds.
  path: Assets/Prefabs/對話框.prefab
  artifactKey: Guid(4b1b02f35813f5f4095e4aa1809f0284) Importer(815301076,1909f56bfc062723c751e8b465ee728b)
Start importing Assets/Prefabs/對話框.prefab using Guid(4b1b02f35813f5f4095e4aa1809f0284) Importer(815301076,1909f56bfc062723c751e8b465ee728b)  -> (artifact id: 'a745da8e9ba8aeeb9b5e835bc7d7d14f') in 0.053368 seconds 
  Import took 0.062334 seconds .

========================================================================
Received Import Request.
  Time since last request: 4.794525 seconds.
  path: Assets/Prefabs/對話框.prefab
  artifactKey: Guid(4b1b02f35813f5f4095e4aa1809f0284) Importer(815301076,1909f56bfc062723c751e8b465ee728b)
Start importing Assets/Prefabs/對話框.prefab using Guid(4b1b02f35813f5f4095e4aa1809f0284) Importer(815301076,1909f56bfc062723c751e8b465ee728b)  -> (artifact id: '526c06d499198938119bb387d6d0c139') in 0.059981 seconds 
  Import took 0.065631 seconds .

========================================================================
Received Import Request.
  Time since last request: 14.629590 seconds.
  path: Assets/Prefabs/對話框.prefab
  artifactKey: Guid(4b1b02f35813f5f4095e4aa1809f0284) Importer(815301076,1909f56bfc062723c751e8b465ee728b)
Start importing Assets/Prefabs/對話框.prefab using Guid(4b1b02f35813f5f4095e4aa1809f0284) Importer(815301076,1909f56bfc062723c751e8b465ee728b)  -> (artifact id: '5940bbf644ece75e9814901fb7148cea') in 0.056563 seconds 
  Import took 0.061957 seconds .

========================================================================
Received Prepare
Registering precompiled user dll's ...
Registered in 0.003545 seconds.
Begin MonoManager ReloadAssembly
Native extension for WindowsStandalone target not found
Native extension for WebGL target not found
Refreshing native plugins compatible for Editor in 0.58 ms, found 3 plugins.
Preloading 0 native plugins for Editor in 0.00 ms.
Mono: successfully reloaded assembly
- Completed reload, in  1.236 seconds
Platform modules already initialized, skipping
Switching build target platform(19) subTarget(0) extendedPlatform(0) -> platform(13) subTarget(537395200) extendedPlatform(0)
Refreshing native plugins compatible for Editor in 0.57 ms, found 3 plugins.
Preloading 0 native plugins for Editor in 0.00 ms.
Unloading 2826 Unused Serialized files (Serialized files now loaded: 0)
System memory in use before: 117.7 MB.
System memory in use after: 117.8 MB.

Unloading 21 unused Assets to reduce memory usage. Loaded Objects now: 3364.
Total: 3.037300 ms (FindLiveObjects: 0.291600 ms CreateObjectMapping: 0.163300 ms MarkObjects: 2.446200 ms  DeleteObjects: 0.134800 ms)

AssetImportParameters requested are different than current active one (requested -> active):
  custom:framework-win-MediaFoundation: 216162199b28c13a410421893ffa2e32 -> 
  custom:video-decoder-ogg-theora: a1e56fd34408186e4bbccfd4996cb3dc -> 
  custom:container-muxer-webm: aa71ff27fc2769a1b78a27578f13a17b -> 
  custom:container-demuxer-webm: 4f35f7cbe854078d1ac9338744f61a02 -> 
  custom:container-demuxer-ogg: 62fdf1f143b41e24485cea50d1cbac27 -> 
  custom:video-encoder-webm-vp8: eb34c28f22e8b96e1ab97ce403110664 -> 
  custom:video-codec-MediaFoundation-h265: 746d11721c4dcdbdad8f713fa42b33f4 -> 
  custom:video-decoder-webm-vp8: 9c59270c3fd7afecdb556c50c9e8de78 -> 
  custom:graphics/normal-map-encoding: 01000000000000000000000000000000 -> 02000000000000000000000000000000
  custom:audio-decoder-ogg-vorbis: bf7c407c2cedff20999df2af8eb42d56 -> 
  custom:audio-encoder-webm-vorbis: bf7c407c2cedff20999df2af8eb42d56 -> 
========================================================================
Received Import Request.
  Time since last request: 234.766478 seconds.
  path: Assets/Audios/BGM
  artifactKey: Guid(54251796a30457545b93d01ceadf57ae) Importer(815301076,1909f56bfc062723c751e8b465ee728b)
Start importing Assets/Audios/BGM using Guid(54251796a30457545b93d01ceadf57ae) Importer(815301076,1909f56bfc062723c751e8b465ee728b)  -> (artifact id: '67d91602ae53c51316746d92d98e1ae5') in 0.038021 seconds 
  Import took 0.047126 seconds .

========================================================================
Received Import Request.
  Time since last request: 121.183680 seconds.
  path: Assets/Audios/SFX
  artifactKey: Guid(05b1e6c0b619e2b4f82678e108336421) Importer(815301076,1909f56bfc062723c751e8b465ee728b)
Start importing Assets/Audios/SFX using Guid(05b1e6c0b619e2b4f82678e108336421) Importer(815301076,1909f56bfc062723c751e8b465ee728b)  -> (artifact id: '90f59ea50078ef31348d85819c91682d') in 0.033761 seconds 
  Import took 0.039979 seconds .

========================================================================
Received Import Request.
  Time since last request: 0.001244 seconds.
  path: Assets/Audios/SFX
  artifactKey: Guid(05b1e6c0b619e2b4f82678e108336421) Importer(815301076,1909f56bfc062723c751e8b465ee728b)
Start importing Assets/Audios/SFX using Guid(05b1e6c0b619e2b4f82678e108336421) Importer(815301076,1909f56bfc062723c751e8b465ee728b)  -> (artifact id: '90f59ea50078ef31348d85819c91682d') in 0.040286 seconds 
  Import took 0.045487 seconds .

========================================================================
Received Import Request.
  Time since last request: 67.671496 seconds.
  path: Assets/Audios/SFX/SFX_劍撞擊.mp3
  artifactKey: Guid(543b62c7d7f90ad4c8b23f541a0b4c0b) Importer(815301076,1909f56bfc062723c751e8b465ee728b)
Start importing Assets/Audios/SFX/SFX_劍撞擊.mp3 using Guid(543b62c7d7f90ad4c8b23f541a0b4c0b) Importer(815301076,1909f56bfc062723c751e8b465ee728b)  -> (artifact id: '03dca656f231edaa146e8a93e6d746d2') in 0.203963 seconds 
  Import took 0.212495 seconds .

========================================================================
Received Import Request.
  Time since last request: 0.000243 seconds.
  path: Assets/Audios/SFX/SFX_爆炸聲.mp3
  artifactKey: Guid(9cbc3c0efe907aa46b425b5ea83830d8) Importer(815301076,1909f56bfc062723c751e8b465ee728b)
Start importing Assets/Audios/SFX/SFX_爆炸聲.mp3 using Guid(9cbc3c0efe907aa46b425b5ea83830d8) Importer(815301076,1909f56bfc062723c751e8b465ee728b)  -> (artifact id: 'ecda8d6f572c62a8d91a3cebe10f94be') in 0.066424 seconds 
  Import took 0.078286 seconds .

========================================================================
Received Import Request.
  Time since last request: 93.483835 seconds.
  path: Assets/Scenes/01-Create Charater.unity
  artifactKey: Guid(8c5722f40676b16409c3571d2a50704f) Importer(815301076,1909f56bfc062723c751e8b465ee728b)
Start importing Assets/Scenes/01-Create Charater.unity using Guid(8c5722f40676b16409c3571d2a50704f) Importer(815301076,1909f56bfc062723c751e8b465ee728b)  -> (artifact id: 'ee07ad877c45c940f452b21e4ddcb0f5') in 12.011062 seconds 
  Import took 12.020846 seconds .

========================================================================
Received Prepare
Registering precompiled user dll's ...
Registered in 0.010573 seconds.
Begin MonoManager ReloadAssembly
Native extension for WindowsStandalone target not found
Native extension for WebGL target not found
Refreshing native plugins compatible for Editor in 1.04 ms, found 3 plugins.
Preloading 0 native plugins for Editor in 0.00 ms.
Mono: successfully reloaded assembly
- Completed reload, in  2.804 seconds
Platform modules already initialized, skipping
Switching build target platform(19) subTarget(0) extendedPlatform(0) -> platform(13) subTarget(537395200) extendedPlatform(0)
Refreshing native plugins compatible for Editor in 1.21 ms, found 3 plugins.
Preloading 0 native plugins for Editor in 0.00 ms.
Unloading 2826 Unused Serialized files (Serialized files now loaded: 0)
System memory in use before: 117.8 MB.
System memory in use after: 117.8 MB.

Unloading 21 unused Assets to reduce memory usage. Loaded Objects now: 3369.
Total: 5.589900 ms (FindLiveObjects: 0.528000 ms CreateObjectMapping: 0.313300 ms MarkObjects: 4.424500 ms  DeleteObjects: 0.321700 ms)

AssetImportParameters requested are different than current active one (requested -> active):
  custom:framework-win-MediaFoundation: 216162199b28c13a410421893ffa2e32 -> 
  custom:video-decoder-ogg-theora: a1e56fd34408186e4bbccfd4996cb3dc -> 
  custom:container-muxer-webm: aa71ff27fc2769a1b78a27578f13a17b -> 
  custom:container-demuxer-webm: 4f35f7cbe854078d1ac9338744f61a02 -> 
  custom:container-demuxer-ogg: 62fdf1f143b41e24485cea50d1cbac27 -> 
  custom:video-encoder-webm-vp8: eb34c28f22e8b96e1ab97ce403110664 -> 
  custom:video-codec-MediaFoundation-h265: 746d11721c4dcdbdad8f713fa42b33f4 -> 
  custom:video-decoder-webm-vp8: 9c59270c3fd7afecdb556c50c9e8de78 -> 
  custom:graphics/normal-map-encoding: 01000000000000000000000000000000 -> 02000000000000000000000000000000
  custom:audio-decoder-ogg-vorbis: bf7c407c2cedff20999df2af8eb42d56 -> 
  custom:audio-encoder-webm-vorbis: bf7c407c2cedff20999df2af8eb42d56 -> 
========================================================================
Received Prepare
Registering precompiled user dll's ...
Registered in 0.003256 seconds.
Begin MonoManager ReloadAssembly
Native extension for WindowsStandalone target not found
Native extension for WebGL target not found
Refreshing native plugins compatible for Editor in 0.61 ms, found 3 plugins.
Preloading 0 native plugins for Editor in 0.00 ms.
Mono: successfully reloaded assembly
- Completed reload, in  1.479 seconds
Platform modules already initialized, skipping
Switching build target platform(19) subTarget(0) extendedPlatform(0) -> platform(13) subTarget(537395200) extendedPlatform(0)
Refreshing native plugins compatible for Editor in 1.68 ms, found 3 plugins.
Preloading 0 native plugins for Editor in 0.00 ms.
Unloading 2826 Unused Serialized files (Serialized files now loaded: 0)
System memory in use before: 117.8 MB.
System memory in use after: 117.9 MB.

Unloading 21 unused Assets to reduce memory usage. Loaded Objects now: 3373.
Total: 5.323200 ms (FindLiveObjects: 0.489700 ms CreateObjectMapping: 0.305400 ms MarkObjects: 4.318200 ms  DeleteObjects: 0.207600 ms)

AssetImportParameters requested are different than current active one (requested -> active):
  custom:framework-win-MediaFoundation: 216162199b28c13a410421893ffa2e32 -> 
  custom:video-decoder-ogg-theora: a1e56fd34408186e4bbccfd4996cb3dc -> 
  custom:container-muxer-webm: aa71ff27fc2769a1b78a27578f13a17b -> 
  custom:container-demuxer-webm: 4f35f7cbe854078d1ac9338744f61a02 -> 
  custom:container-demuxer-ogg: 62fdf1f143b41e24485cea50d1cbac27 -> 
  custom:video-encoder-webm-vp8: eb34c28f22e8b96e1ab97ce403110664 -> 
  custom:video-codec-MediaFoundation-h265: 746d11721c4dcdbdad8f713fa42b33f4 -> 
  custom:video-decoder-webm-vp8: 9c59270c3fd7afecdb556c50c9e8de78 -> 
  custom:graphics/normal-map-encoding: 01000000000000000000000000000000 -> 02000000000000000000000000000000
  custom:audio-decoder-ogg-vorbis: bf7c407c2cedff20999df2af8eb42d56 -> 
  custom:audio-encoder-webm-vorbis: bf7c407c2cedff20999df2af8eb42d56 -> 
========================================================================
Received Prepare
Registering precompiled user dll's ...
Registered in 0.003249 seconds.
Begin MonoManager ReloadAssembly
Native extension for WindowsStandalone target not found
Native extension for WebGL target not found
Refreshing native plugins compatible for Editor in 0.63 ms, found 3 plugins.
Preloading 0 native plugins for Editor in 0.00 ms.
Mono: successfully reloaded assembly
- Completed reload, in  1.887 seconds
Platform modules already initialized, skipping
Switching build target platform(19) subTarget(0) extendedPlatform(0) -> platform(13) subTarget(537395200) extendedPlatform(0)
Refreshing native plugins compatible for Editor in 1.02 ms, found 3 plugins.
Preloading 0 native plugins for Editor in 0.00 ms.
Unloading 2826 Unused Serialized files (Serialized files now loaded: 0)
System memory in use before: 117.8 MB.
System memory in use after: 117.9 MB.

Unloading 21 unused Assets to reduce memory usage. Loaded Objects now: 3377.
Total: 5.304300 ms (FindLiveObjects: 0.496500 ms CreateObjectMapping: 0.424100 ms MarkObjects: 4.157500 ms  DeleteObjects: 0.223800 ms)

AssetImportParameters requested are different than current active one (requested -> active):
  custom:framework-win-MediaFoundation: 216162199b28c13a410421893ffa2e32 -> 
  custom:video-decoder-ogg-theora: a1e56fd34408186e4bbccfd4996cb3dc -> 
  custom:container-muxer-webm: aa71ff27fc2769a1b78a27578f13a17b -> 
  custom:container-demuxer-webm: 4f35f7cbe854078d1ac9338744f61a02 -> 
  custom:container-demuxer-ogg: 62fdf1f143b41e24485cea50d1cbac27 -> 
  custom:video-encoder-webm-vp8: eb34c28f22e8b96e1ab97ce403110664 -> 
  custom:video-codec-MediaFoundation-h265: 746d11721c4dcdbdad8f713fa42b33f4 -> 
  custom:video-decoder-webm-vp8: 9c59270c3fd7afecdb556c50c9e8de78 -> 
  custom:graphics/normal-map-encoding: 01000000000000000000000000000000 -> 02000000000000000000000000000000
  custom:audio-decoder-ogg-vorbis: bf7c407c2cedff20999df2af8eb42d56 -> 
  custom:audio-encoder-webm-vorbis: bf7c407c2cedff20999df2af8eb42d56 -> 
========================================================================
Received Import Request.
  Time since last request: 450.700979 seconds.
  path: Assets/Scenes/02-Story_0.unity
  artifactKey: Guid(0473b22604c018c468a67a7ee5c95760) Importer(815301076,1909f56bfc062723c751e8b465ee728b)
Start importing Assets/Scenes/02-Story_0.unity using Guid(0473b22604c018c468a67a7ee5c95760) Importer(815301076,1909f56bfc062723c751e8b465ee728b)  -> (artifact id: '2a3c0a98d85e16d6ff0caea4d0bfdf19') in 6.769685 seconds 
  Import took 6.781900 seconds .

========================================================================
Received Import Request.
  Time since last request: 1043.983568 seconds.
  path: Assets/Images/BG/Old_School.png
  artifactKey: Guid(f696c862da5fdce479304ba444a08131) Importer(815301076,1909f56bfc062723c751e8b465ee728b)
Start importing Assets/Images/BG/Old_School.png using Guid(f696c862da5fdce479304ba444a08131) Importer(815301076,1909f56bfc062723c751e8b465ee728b)  -> (artifact id: '2ceabb88be901d2db3f55bcddc919ebf') in 0.433679 seconds 
  Import took 0.439098 seconds .

========================================================================
Received Prepare
Registering precompiled user dll's ...
Registered in 0.005458 seconds.
Begin MonoManager ReloadAssembly
Native extension for WindowsStandalone target not found
Native extension for WebGL target not found
Refreshing native plugins compatible for Editor in 0.67 ms, found 3 plugins.
Preloading 0 native plugins for Editor in 0.00 ms.
Mono: successfully reloaded assembly
- Completed reload, in  1.647 seconds
Platform modules already initialized, skipping
Switching build target platform(19) subTarget(0) extendedPlatform(0) -> platform(13) subTarget(537395200) extendedPlatform(0)
Refreshing native plugins compatible for Editor in 1.09 ms, found 3 plugins.
Preloading 0 native plugins for Editor in 0.00 ms.
Unloading 2826 Unused Serialized files (Serialized files now loaded: 0)
System memory in use before: 117.8 MB.
System memory in use after: 117.9 MB.

Unloading 21 unused Assets to reduce memory usage. Loaded Objects now: 3384.
Total: 5.689100 ms (FindLiveObjects: 0.585400 ms CreateObjectMapping: 0.474100 ms MarkObjects: 4.389000 ms  DeleteObjects: 0.236800 ms)

AssetImportParameters requested are different than current active one (requested -> active):
  custom:framework-win-MediaFoundation: 216162199b28c13a410421893ffa2e32 -> 
  custom:video-decoder-ogg-theora: a1e56fd34408186e4bbccfd4996cb3dc -> 
  custom:container-muxer-webm: aa71ff27fc2769a1b78a27578f13a17b -> 
  custom:container-demuxer-webm: 4f35f7cbe854078d1ac9338744f61a02 -> 
  custom:container-demuxer-ogg: 62fdf1f143b41e24485cea50d1cbac27 -> 
  custom:video-encoder-webm-vp8: eb34c28f22e8b96e1ab97ce403110664 -> 
  custom:video-codec-MediaFoundation-h265: 746d11721c4dcdbdad8f713fa42b33f4 -> 
  custom:video-decoder-webm-vp8: 9c59270c3fd7afecdb556c50c9e8de78 -> 
  custom:graphics/normal-map-encoding: 01000000000000000000000000000000 -> 02000000000000000000000000000000
  custom:audio-decoder-ogg-vorbis: bf7c407c2cedff20999df2af8eb42d56 -> 
  custom:audio-encoder-webm-vorbis: bf7c407c2cedff20999df2af8eb42d56 -> 
========================================================================
Received Prepare
Refreshing native plugins compatible for Editor in 5.11 ms, found 3 plugins.
Preloading 0 native plugins for Editor in 0.00 ms.
Unloading 19 Unused Serialized files (Serialized files now loaded: 0)
System memory in use before: 62.5 MB.
System memory in use after: 62.6 MB.

Unloading 19 unused Assets to reduce memory usage. Loaded Objects now: 3384.
Total: 3.598300 ms (FindLiveObjects: 0.328600 ms CreateObjectMapping: 0.174400 ms MarkObjects: 2.957600 ms  DeleteObjects: 0.136700 ms)

AssetImportParameters requested are different than current active one (requested -> active):
  custom:framework-win-MediaFoundation: 216162199b28c13a410421893ffa2e32 -> 
  custom:video-decoder-ogg-theora: a1e56fd34408186e4bbccfd4996cb3dc -> 
  custom:container-muxer-webm: aa71ff27fc2769a1b78a27578f13a17b -> 
  custom:container-demuxer-webm: 4f35f7cbe854078d1ac9338744f61a02 -> 
  custom:container-demuxer-ogg: 62fdf1f143b41e24485cea50d1cbac27 -> 
  custom:video-encoder-webm-vp8: eb34c28f22e8b96e1ab97ce403110664 -> 
  custom:video-codec-MediaFoundation-h265: 746d11721c4dcdbdad8f713fa42b33f4 -> 
  custom:video-decoder-webm-vp8: 9c59270c3fd7afecdb556c50c9e8de78 -> 
  custom:audio-decoder-ogg-vorbis: bf7c407c2cedff20999df2af8eb42d56 -> 
  custom:audio-encoder-webm-vorbis: bf7c407c2cedff20999df2af8eb42d56 -> 
AssetImportWorkerClient::OnTransportError - code=2 error=End of file
